Using pre-set license
Built from '2020.3/staging' branch; Version is '2020.3.10f1 (297d780c91bc) revision 2719096'; Using compiler version '192528614'; Build Type 'Release'
OS: 'Windows 10 Pro; OS build 19042.1237; Version 2009; 64bit' Language: 'ru' Physical Memory: 8190 MB
BatchMode: 1, IsHumanControllingUs: 0, StartBugReporterOnCrash: 0, Is64bit: 1, IsPro: 0

 COMMAND LINE ARGUMENTS:
E:\UNITYEDITORS\2020.3.10f1\Editor\Unity.exe
-adb2
-batchMode
-noUpm
-name
AssetImportWorker0
-projectPath
D:/Unity Projects/Digger
-logFile
Logs/AssetImportWorker0.log
-srvPort
58766
Successfully changed project path to: D:/Unity Projects/Digger
D:/Unity Projects/Digger
Using Asset Import Pipeline V2.
Refreshing native plugins compatible for Editor in 196.68 ms, found 3 plugins.
Preloading 0 native plugins for Editor in 0.00 ms.
Initialize engine version: 2020.3.10f1 (297d780c91bc)
[Subsystems] Discovering subsystems at path E:/UNITYEDITORS/2020.3.10f1/Editor/Data/Resources/UnitySubsystems
[Subsystems] Discovering subsystems at path D:/Unity Projects/Digger/Assets
GfxDevice: creating device client; threaded=0
Direct3D:
    Version:  Direct3D 11.0 [level 11.0]
    Renderer: AMD Radeon HD 6700 Series (ID=0x68ba)
    Vendor:   
    VRAM:     1010 MB
    Driver:   15.201.1151.1008
Initialize mono
Mono path[0] = 'E:/UNITYEDITORS/2020.3.10f1/Editor/Data/Managed'
Mono path[1] = 'E:/UNITYEDITORS/2020.3.10f1/Editor/Data/MonoBleedingEdge/lib/mono/unityjit'
Mono config path = 'E:/UNITYEDITORS/2020.3.10f1/Editor/Data/MonoBleedingEdge/etc'
Using monoOptions --debugger-agent=transport=dt_socket,embedding=1,server=y,suspend=n,address=127.0.0.1:56920
Begin MonoManager ReloadAssembly
Registering precompiled unity dll's ...
Register platform support module: E:/UNITYEDITORS/2020.3.10f1/Editor/Data/PlaybackEngines/WindowsStandaloneSupport/UnityEditor.WindowsStandalone.Extensions.dll
Registered in 0.002753 seconds.
Native extension for WindowsStandalone target not found
Refreshing native plugins compatible for Editor in 327.05 ms, found 3 plugins.
Preloading 0 native plugins for Editor in 0.00 ms.
Mono: successfully reloaded assembly
- Completed reload, in  7.877 seconds
Platform modules already initialized, skipping
Registering precompiled user dll's ...
Registered in 0.016651 seconds.
Begin MonoManager ReloadAssembly
Native extension for WindowsStandalone target not found
Refreshing native plugins compatible for Editor in 3.84 ms, found 3 plugins.
Preloading 0 native plugins for Editor in 0.00 ms.
Mono: successfully reloaded assembly
- Completed reload, in  4.733 seconds
Platform modules already initialized, skipping
========================================================================
Worker process is ready to serve import requests
Launched and connected shader compiler UnityShaderCompiler.exe after 0.15 seconds
Refreshing native plugins compatible for Editor in 1.68 ms, found 3 plugins.
Preloading 0 native plugins for Editor in 0.00 ms.
Unloading 1790 Unused Serialized files (Serialized files now loaded: 0)
System memory in use before: 99.6 MB.
System memory in use after: 99.6 MB.

Unloading 32 unused Assets to reduce memory usage. Loaded Objects now: 2213.
Total: 5.975900 ms (FindLiveObjects: 0.553200 ms CreateObjectMapping: 0.120900 ms MarkObjects: 4.974100 ms  DeleteObjects: 0.324100 ms)

========================================================================
Received Import Request.
  path: Assets/Images/Icons/icon2.png
  artifactKey: Guid(ad9166e567bf6ff408e0fda0131c4ec4) Importer(815301076,1909f56bfc062723c751e8b465ee728b)
Start importing Assets/Images/Icons/icon2.png using Guid(ad9166e567bf6ff408e0fda0131c4ec4) Importer(815301076,1909f56bfc062723c751e8b465ee728b)  -> (artifact id: '971717f8fb605a8d4ca96fffb76ac0ad') in 0.433572 seconds
  Import took 0.468921 seconds .

========================================================================
Received Import Request.
  Time since last request: 0.000485 seconds.
  path: Assets/Images/Icons/icon2.psd
  artifactKey: Guid(686b02cef508808489cb40018c8d7fa3) Importer(815301076,1909f56bfc062723c751e8b465ee728b)
Start importing Assets/Images/Icons/icon2.psd using Guid(686b02cef508808489cb40018c8d7fa3) Importer(815301076,1909f56bfc062723c751e8b465ee728b)  -> (artifact id: '371437709d7c5edc28f5f4dc2b598940') in 0.337516 seconds
  Import took 0.357275 seconds .

========================================================================
Received Import Request.
  Time since last request: 0.000658 seconds.
  path: Assets/Images/Icons/icon2.jpg
  artifactKey: Guid(e3eb66bbfd4a8e240933f47acdecabb0) Importer(815301076,1909f56bfc062723c751e8b465ee728b)
Start importing Assets/Images/Icons/icon2.jpg using Guid(e3eb66bbfd4a8e240933f47acdecabb0) Importer(815301076,1909f56bfc062723c751e8b465ee728b)  -> (artifact id: 'f03ca2c38ccdfd3dde7170a3c25fe49b') in 0.378493 seconds
  Import took 0.403187 seconds .

AssetImportWorkerClient::OnTransportError - code=2 error=End of file
